TN:
SF:C:\Users\S783244\workspace\native-script-practice\ns-ng-unit-testing\app\tests\test-config.js
FNF:0
FNH:0
DA:2,0
DA:3,0
DA:4,0
DA:5,0
DA:6,0
LF:5
LH:0
BRF:0
BRH:0
end_of_record
TN:
SF:C:\Users\S783244\workspace\native-script-practice\ns-ng-unit-testing\app\app.component.js
FN:4,(anonymous_1)
FN:5,AppComponent
FNF:2
FNH:0
FNDA:0,(anonymous_1)
FNDA:0,AppComponent
DA:2,0
DA:3,0
DA:4,0
DA:5,1
DA:7,0
DA:13,0
DA:15,0
LF:7
LH:1
BRF:0
BRH:0
end_of_record
TN:
SF:C:\Users\S783244\workspace\native-script-practice\ns-ng-unit-testing\app\app.module.js
FN:14,(anonymous_1)
FN:18,AppModule
FNF:2
FNH:0
FNDA:0,(anonymous_1)
FNDA:0,AppModule
DA:2,0
DA:3,0
DA:4,0
DA:5,0
DA:6,0
DA:7,0
DA:8,0
DA:9,0
DA:14,0
DA:18,1
DA:20,0
DA:45,0
DA:47,0
LF:13
LH:1
BRF:0
BRH:0
end_of_record
TN:
SF:C:\Users\S783244\workspace\native-script-practice\ns-ng-unit-testing\app\app.routing.js
FN:12,(anonymous_1)
FN:13,AppRoutingModule
FNF:2
FNH:0
FNDA:0,(anonymous_1)
FNDA:0,AppRoutingModule
DA:2,0
DA:3,0
DA:4,0
DA:5,0
DA:6,0
DA:7,0
DA:12,0
DA:13,1
DA:15,0
DA:21,0
DA:23,0
LF:11
LH:1
BRF:0
BRH:0
end_of_record
TN:
SF:C:\Users\S783244\workspace\native-script-practice\ns-ng-unit-testing\app\item\item.js
FNF:0
FNH:0
DA:2,0
LF:1
LH:0
BRF:0
BRH:0
end_of_record
TN:
SF:C:\Users\S783244\workspace\native-script-practice\ns-ng-unit-testing\app\item\item-detail.component.js
FN:6,(anonymous_1)
FN:7,ItemDetailComponent
FN:11,(anonymous_3)
FNF:3
FNH:0
FNDA:0,(anonymous_1)
FNDA:0,ItemDetailComponent
FNDA:0,(anonymous_3)
DA:2,0
DA:3,0
DA:4,0
DA:5,0
DA:6,0
DA:7,1
DA:8,0
DA:9,0
DA:11,0
DA:12,0
DA:13,0
DA:15,0
DA:24,0
DA:26,0
LF:14
LH:1
BRF:0
BRH:0
end_of_record
TN:
SF:C:\Users\S783244\workspace\native-script-practice\ns-ng-unit-testing\app\item\item.service.js
FN:4,(anonymous_1)
FN:5,ItemService
FN:8,(anonymous_3)
FN:11,(anonymous_4)
FN:12,(anonymous_5)
FNF:5
FNH:0
FNDA:0,(anonymous_1)
FNDA:0,ItemService
FNDA:0,(anonymous_3)
FNDA:0,(anonymous_4)
FNDA:0,(anonymous_5)
DA:2,0
DA:3,0
DA:4,0
DA:5,1
DA:6,0
DA:8,0
DA:9,0
DA:11,0
DA:12,0
DA:14,0
DA:17,0
DA:19,0
LF:12
LH:1
BRF:0
BRH:0
end_of_record
TN:
SF:C:\Users\S783244\workspace\native-script-practice\ns-ng-unit-testing\app\item\items.component.js
FN:5,(anonymous_1)
FN:8,ItemsComponent
FN:11,(anonymous_3)
FNF:3
FNH:0
FNDA:0,(anonymous_1)
FNDA:0,ItemsComponent
FNDA:0,(anonymous_3)
DA:2,0
DA:3,0
DA:4,0
DA:5,0
DA:8,1
DA:9,0
DA:11,0
DA:12,0
DA:14,0
DA:22,0
DA:24,0
LF:11
LH:1
BRF:0
BRH:0
end_of_record
TN:
SF:C:\Users\S783244\workspace\native-script-practice\ns-ng-unit-testing\app\main.aot.js
FNF:0
FNH:0
DA:2,0
DA:4,0
DA:6,0
DA:7,0
LF:4
LH:0
BRF:0
BRH:0
end_of_record
TN:
SF:C:\Users\S783244\workspace\native-script-practice\ns-ng-unit-testing\app\main.js
FNF:0
FNH:0
DA:2,0
DA:4,0
DA:5,0
DA:10,0
LF:4
LH:0
BRF:0
BRH:0
end_of_record
TN:
SF:C:\Users\S783244\workspace\native-script-practice\ns-ng-unit-testing\app\shared\testing\testBed-setup.js
FN:4,(anonymous_1)
FNF:1
FNH:0
FNDA:0,(anonymous_1)
DA:2,0
DA:3,0
DA:4,0
DA:5,0
DA:6,0
LF:5
LH:0
BRF:0
BRH:0
end_of_record
